<?xml version="1.0" encoding="UTF-8"?>
<testsuites name="jest tests" tests="7" failures="7" errors="0" time="3.036">
  <testsuite name="Login Component" errors="0" failures="7" skipped="0" timestamp="2025-06-22T01:42:54" time="2.79" tests="7">
    <testcase classname="Login Component renders login form with required fields" name="Login Component renders login form with required fields" time="0.101">
      <failure>TypeError: Cannot read properties of null (reading &apos;useRef&apos;)
    at Object.useRef (/workspace/kelmah-frontend/node_modules/react/cjs/react.development.js:1630:21)
    at useRef (/workspace/kelmah-frontend/node_modules/react-router-dom/index.tsx:788:26)
    at renderWithHooks (/workspace/node_modules/react-dom/cjs/react-dom.development.js:15486:18)
    at mountIndeterminateComponent (/workspace/node_modules/react-dom/cjs/react-dom.development.js:20103:13)
    at beginWork (/workspace/node_modules/react-dom/cjs/react-dom.development.js:21626:16)
    at beginWork$1 (/workspace/node_modules/react-dom/cjs/react-dom.development.js:27465:14)
    at performUnitOfWork (/workspace/node_modules/react-dom/cjs/react-dom.development.js:26599:12)
    at workLoopSync (/workspace/node_modules/react-dom/cjs/react-dom.development.js:26505:5)
    at renderRootSync (/workspace/node_modules/react-dom/cjs/react-dom.development.js:26473:7)
    at recoverFromConcurrentError (/workspace/node_modules/react-dom/cjs/react-dom.development.js:25889:20)
    at performConcurrentWorkOnRoot (/workspace/node_modules/react-dom/cjs/react-dom.development.js:25789:22)
    at flushActQueue (/workspace/node_modules/react/cjs/react.development.js:2667:24)
    at act (/workspace/node_modules/react/cjs/react.development.js:2582:11)
    at /workspace/node_modules/@testing-library/react/dist/act-compat.js:47:25
    at renderRoot (/workspace/node_modules/@testing-library/react/dist/pure.js:180:26)
    at render (/workspace/node_modules/@testing-library/react/dist/pure.js:271:10)
    at renderLoginComponent (/workspace/kelmah-frontend/src/tests/components/auth/Login.test.jsx:68:18)
    at renderLoginComponent (/workspace/kelmah-frontend/src/tests/components/auth/Login.test.jsx:78:5)
    at call (/workspace/kelmah-frontend/src/tests/components/auth/Login.test.jsx:2:1)
    at Generator.s (/workspace/kelmah-frontend/src/tests/components/auth/Login.test.jsx:2:1)
    at Generator._invoke [as next] (/workspace/kelmah-frontend/src/tests/components/auth/Login.test.jsx:2:1)
    at asyncGeneratorStep (/workspace/kelmah-frontend/src/tests/components/auth/Login.test.jsx:2:1)
    at asyncGeneratorStep (/workspace/kelmah-frontend/src/tests/components/auth/Login.test.jsx:2:1)
    at _next (/workspace/kelmah-frontend/src/tests/components/auth/Login.test.jsx:2:1)
    at new Promise (&lt;anonymous&gt;)
    at Object.&lt;anonymous&gt; (/workspace/kelmah-frontend/src/tests/components/auth/Login.test.jsx:2:1)
    at Promise.then.completed (/workspace/node_modules/jest-circus/build/utils.js:298:28)
    at new Promise (&lt;anonymous&gt;)
    at callAsyncCircusFn (/workspace/node_modules/jest-circus/build/utils.js:231:10)
    at _callCircusTest (/workspace/node_modules/jest-circus/build/run.js:316:40)
    at processTicksAndRejections (node:internal/process/task_queues:105:5)
    at _runTest (/workspace/node_modules/jest-circus/build/run.js:252:3)
    at _runTestsForDescribeBlock (/workspace/node_modules/jest-circus/build/run.js:126:9)
    at _runTestsForDescribeBlock (/workspace/node_modules/jest-circus/build/run.js:121:9)
    at run (/workspace/node_modules/jest-circus/build/run.js:71:3)
    at runAndTransformResultsToJestFormat (/workspace/node_modules/jest-circus/build/legacy-code-todo-rewrite/jestAdapterInit.js:122:21)
    at jestAdapter (/workspace/node_modules/jest-circus/build/legacy-code-todo-rewrite/jestAdapter.js:79:19)
    at runTestInternal (/workspace/node_modules/jest-runner/build/runTest.js:367:16)
    at runTest (/workspace/node_modules/jest-runner/build/runTest.js:444:34)</failure>
    </testcase>
    <testcase classname="Login Component validates email and password fields" name="Login Component validates email and password fields" time="0.03">
      <failure>TypeError: Cannot read properties of null (reading &apos;useRef&apos;)
    at Object.useRef (/workspace/kelmah-frontend/node_modules/react/cjs/react.development.js:1630:21)
    at useRef (/workspace/kelmah-frontend/node_modules/react-router-dom/index.tsx:788:26)
    at renderWithHooks (/workspace/node_modules/react-dom/cjs/react-dom.development.js:15486:18)
    at mountIndeterminateComponent (/workspace/node_modules/react-dom/cjs/react-dom.development.js:20103:13)
    at beginWork (/workspace/node_modules/react-dom/cjs/react-dom.development.js:21626:16)
    at beginWork$1 (/workspace/node_modules/react-dom/cjs/react-dom.development.js:27465:14)
    at performUnitOfWork (/workspace/node_modules/react-dom/cjs/react-dom.development.js:26599:12)
    at workLoopSync (/workspace/node_modules/react-dom/cjs/react-dom.development.js:26505:5)
    at renderRootSync (/workspace/node_modules/react-dom/cjs/react-dom.development.js:26473:7)
    at recoverFromConcurrentError (/workspace/node_modules/react-dom/cjs/react-dom.development.js:25889:20)
    at performConcurrentWorkOnRoot (/workspace/node_modules/react-dom/cjs/react-dom.development.js:25789:22)
    at flushActQueue (/workspace/node_modules/react/cjs/react.development.js:2667:24)
    at act (/workspace/node_modules/react/cjs/react.development.js:2582:11)
    at /workspace/node_modules/@testing-library/react/dist/act-compat.js:47:25
    at renderRoot (/workspace/node_modules/@testing-library/react/dist/pure.js:180:26)
    at render (/workspace/node_modules/@testing-library/react/dist/pure.js:271:10)
    at renderLoginComponent (/workspace/kelmah-frontend/src/tests/components/auth/Login.test.jsx:68:18)
    at renderLoginComponent (/workspace/kelmah-frontend/src/tests/components/auth/Login.test.jsx:92:5)
    at call (/workspace/kelmah-frontend/src/tests/components/auth/Login.test.jsx:2:1)
    at Generator.s (/workspace/kelmah-frontend/src/tests/components/auth/Login.test.jsx:2:1)
    at Generator._invoke [as next] (/workspace/kelmah-frontend/src/tests/components/auth/Login.test.jsx:2:1)
    at asyncGeneratorStep (/workspace/kelmah-frontend/src/tests/components/auth/Login.test.jsx:2:1)
    at asyncGeneratorStep (/workspace/kelmah-frontend/src/tests/components/auth/Login.test.jsx:2:1)
    at _next (/workspace/kelmah-frontend/src/tests/components/auth/Login.test.jsx:2:1)
    at new Promise (&lt;anonymous&gt;)
    at Object.&lt;anonymous&gt; (/workspace/kelmah-frontend/src/tests/components/auth/Login.test.jsx:2:1)
    at Promise.then.completed (/workspace/node_modules/jest-circus/build/utils.js:298:28)
    at new Promise (&lt;anonymous&gt;)
    at callAsyncCircusFn (/workspace/node_modules/jest-circus/build/utils.js:231:10)
    at _callCircusTest (/workspace/node_modules/jest-circus/build/run.js:316:40)
    at processTicksAndRejections (node:internal/process/task_queues:105:5)
    at _runTest (/workspace/node_modules/jest-circus/build/run.js:252:3)
    at _runTestsForDescribeBlock (/workspace/node_modules/jest-circus/build/run.js:126:9)
    at _runTestsForDescribeBlock (/workspace/node_modules/jest-circus/build/run.js:121:9)
    at run (/workspace/node_modules/jest-circus/build/run.js:71:3)
    at runAndTransformResultsToJestFormat (/workspace/node_modules/jest-circus/build/legacy-code-todo-rewrite/jestAdapterInit.js:122:21)
    at jestAdapter (/workspace/node_modules/jest-circus/build/legacy-code-todo-rewrite/jestAdapter.js:79:19)
    at runTestInternal (/workspace/node_modules/jest-runner/build/runTest.js:367:16)
    at runTest (/workspace/node_modules/jest-runner/build/runTest.js:444:34)</failure>
    </testcase>
    <testcase classname="Login Component shows error when API is not reachable" name="Login Component shows error when API is not reachable" time="0.027">
      <failure>TypeError: Cannot read properties of null (reading &apos;useRef&apos;)
    at Object.useRef (/workspace/kelmah-frontend/node_modules/react/cjs/react.development.js:1630:21)
    at useRef (/workspace/kelmah-frontend/node_modules/react-router-dom/index.tsx:788:26)
    at renderWithHooks (/workspace/node_modules/react-dom/cjs/react-dom.development.js:15486:18)
    at mountIndeterminateComponent (/workspace/node_modules/react-dom/cjs/react-dom.development.js:20103:13)
    at beginWork (/workspace/node_modules/react-dom/cjs/react-dom.development.js:21626:16)
    at beginWork$1 (/workspace/node_modules/react-dom/cjs/react-dom.development.js:27465:14)
    at performUnitOfWork (/workspace/node_modules/react-dom/cjs/react-dom.development.js:26599:12)
    at workLoopSync (/workspace/node_modules/react-dom/cjs/react-dom.development.js:26505:5)
    at renderRootSync (/workspace/node_modules/react-dom/cjs/react-dom.development.js:26473:7)
    at recoverFromConcurrentError (/workspace/node_modules/react-dom/cjs/react-dom.development.js:25889:20)
    at performConcurrentWorkOnRoot (/workspace/node_modules/react-dom/cjs/react-dom.development.js:25789:22)
    at flushActQueue (/workspace/node_modules/react/cjs/react.development.js:2667:24)
    at act (/workspace/node_modules/react/cjs/react.development.js:2582:11)
    at /workspace/node_modules/@testing-library/react/dist/act-compat.js:47:25
    at renderRoot (/workspace/node_modules/@testing-library/react/dist/pure.js:180:26)
    at render (/workspace/node_modules/@testing-library/react/dist/pure.js:271:10)
    at renderLoginComponent (/workspace/kelmah-frontend/src/tests/components/auth/Login.test.jsx:68:18)
    at renderLoginComponent (/workspace/kelmah-frontend/src/tests/components/auth/Login.test.jsx:124:5)
    at call (/workspace/kelmah-frontend/src/tests/components/auth/Login.test.jsx:2:1)
    at Generator.s (/workspace/kelmah-frontend/src/tests/components/auth/Login.test.jsx:2:1)
    at Generator._invoke [as next] (/workspace/kelmah-frontend/src/tests/components/auth/Login.test.jsx:2:1)
    at asyncGeneratorStep (/workspace/kelmah-frontend/src/tests/components/auth/Login.test.jsx:2:1)
    at asyncGeneratorStep (/workspace/kelmah-frontend/src/tests/components/auth/Login.test.jsx:2:1)
    at _next (/workspace/kelmah-frontend/src/tests/components/auth/Login.test.jsx:2:1)
    at new Promise (&lt;anonymous&gt;)
    at Object.&lt;anonymous&gt; (/workspace/kelmah-frontend/src/tests/components/auth/Login.test.jsx:2:1)
    at Promise.then.completed (/workspace/node_modules/jest-circus/build/utils.js:298:28)
    at new Promise (&lt;anonymous&gt;)
    at callAsyncCircusFn (/workspace/node_modules/jest-circus/build/utils.js:231:10)
    at _callCircusTest (/workspace/node_modules/jest-circus/build/run.js:316:40)
    at processTicksAndRejections (node:internal/process/task_queues:105:5)
    at _runTest (/workspace/node_modules/jest-circus/build/run.js:252:3)
    at _runTestsForDescribeBlock (/workspace/node_modules/jest-circus/build/run.js:126:9)
    at _runTestsForDescribeBlock (/workspace/node_modules/jest-circus/build/run.js:121:9)
    at run (/workspace/node_modules/jest-circus/build/run.js:71:3)
    at runAndTransformResultsToJestFormat (/workspace/node_modules/jest-circus/build/legacy-code-todo-rewrite/jestAdapterInit.js:122:21)
    at jestAdapter (/workspace/node_modules/jest-circus/build/legacy-code-todo-rewrite/jestAdapter.js:79:19)
    at runTestInternal (/workspace/node_modules/jest-runner/build/runTest.js:367:16)
    at runTest (/workspace/node_modules/jest-runner/build/runTest.js:444:34)</failure>
    </testcase>
    <testcase classname="Login Component handles successful login submission" name="Login Component handles successful login submission" time="0.024">
      <failure>TypeError: Cannot read properties of null (reading &apos;useRef&apos;)
    at Object.useRef (/workspace/kelmah-frontend/node_modules/react/cjs/react.development.js:1630:21)
    at useRef (/workspace/kelmah-frontend/node_modules/react-router-dom/index.tsx:788:26)
    at renderWithHooks (/workspace/node_modules/react-dom/cjs/react-dom.development.js:15486:18)
    at mountIndeterminateComponent (/workspace/node_modules/react-dom/cjs/react-dom.development.js:20103:13)
    at beginWork (/workspace/node_modules/react-dom/cjs/react-dom.development.js:21626:16)
    at beginWork$1 (/workspace/node_modules/react-dom/cjs/react-dom.development.js:27465:14)
    at performUnitOfWork (/workspace/node_modules/react-dom/cjs/react-dom.development.js:26599:12)
    at workLoopSync (/workspace/node_modules/react-dom/cjs/react-dom.development.js:26505:5)
    at renderRootSync (/workspace/node_modules/react-dom/cjs/react-dom.development.js:26473:7)
    at recoverFromConcurrentError (/workspace/node_modules/react-dom/cjs/react-dom.development.js:25889:20)
    at performConcurrentWorkOnRoot (/workspace/node_modules/react-dom/cjs/react-dom.development.js:25789:22)
    at flushActQueue (/workspace/node_modules/react/cjs/react.development.js:2667:24)
    at act (/workspace/node_modules/react/cjs/react.development.js:2582:11)
    at /workspace/node_modules/@testing-library/react/dist/act-compat.js:47:25
    at renderRoot (/workspace/node_modules/@testing-library/react/dist/pure.js:180:26)
    at render (/workspace/node_modules/@testing-library/react/dist/pure.js:271:10)
    at renderLoginComponent (/workspace/kelmah-frontend/src/tests/components/auth/Login.test.jsx:68:18)
    at renderLoginComponent (/workspace/kelmah-frontend/src/tests/components/auth/Login.test.jsx:145:5)
    at call (/workspace/kelmah-frontend/src/tests/components/auth/Login.test.jsx:2:1)
    at Generator.s (/workspace/kelmah-frontend/src/tests/components/auth/Login.test.jsx:2:1)
    at Generator._invoke [as next] (/workspace/kelmah-frontend/src/tests/components/auth/Login.test.jsx:2:1)
    at asyncGeneratorStep (/workspace/kelmah-frontend/src/tests/components/auth/Login.test.jsx:2:1)
    at asyncGeneratorStep (/workspace/kelmah-frontend/src/tests/components/auth/Login.test.jsx:2:1)
    at _next (/workspace/kelmah-frontend/src/tests/components/auth/Login.test.jsx:2:1)
    at new Promise (&lt;anonymous&gt;)
    at Object.&lt;anonymous&gt; (/workspace/kelmah-frontend/src/tests/components/auth/Login.test.jsx:2:1)
    at Promise.then.completed (/workspace/node_modules/jest-circus/build/utils.js:298:28)
    at new Promise (&lt;anonymous&gt;)
    at callAsyncCircusFn (/workspace/node_modules/jest-circus/build/utils.js:231:10)
    at _callCircusTest (/workspace/node_modules/jest-circus/build/run.js:316:40)
    at processTicksAndRejections (node:internal/process/task_queues:105:5)
    at _runTest (/workspace/node_modules/jest-circus/build/run.js:252:3)
    at _runTestsForDescribeBlock (/workspace/node_modules/jest-circus/build/run.js:126:9)
    at _runTestsForDescribeBlock (/workspace/node_modules/jest-circus/build/run.js:121:9)
    at run (/workspace/node_modules/jest-circus/build/run.js:71:3)
    at runAndTransformResultsToJestFormat (/workspace/node_modules/jest-circus/build/legacy-code-todo-rewrite/jestAdapterInit.js:122:21)
    at jestAdapter (/workspace/node_modules/jest-circus/build/legacy-code-todo-rewrite/jestAdapter.js:79:19)
    at runTestInternal (/workspace/node_modules/jest-runner/build/runTest.js:367:16)
    at runTest (/workspace/node_modules/jest-runner/build/runTest.js:444:34)</failure>
    </testcase>
    <testcase classname="Login Component toggles password visibility" name="Login Component toggles password visibility" time="0.022">
      <failure>TypeError: Cannot read properties of null (reading &apos;useRef&apos;)
    at Object.useRef (/workspace/kelmah-frontend/node_modules/react/cjs/react.development.js:1630:21)
    at useRef (/workspace/kelmah-frontend/node_modules/react-router-dom/index.tsx:788:26)
    at renderWithHooks (/workspace/node_modules/react-dom/cjs/react-dom.development.js:15486:18)
    at mountIndeterminateComponent (/workspace/node_modules/react-dom/cjs/react-dom.development.js:20103:13)
    at beginWork (/workspace/node_modules/react-dom/cjs/react-dom.development.js:21626:16)
    at beginWork$1 (/workspace/node_modules/react-dom/cjs/react-dom.development.js:27465:14)
    at performUnitOfWork (/workspace/node_modules/react-dom/cjs/react-dom.development.js:26599:12)
    at workLoopSync (/workspace/node_modules/react-dom/cjs/react-dom.development.js:26505:5)
    at renderRootSync (/workspace/node_modules/react-dom/cjs/react-dom.development.js:26473:7)
    at recoverFromConcurrentError (/workspace/node_modules/react-dom/cjs/react-dom.development.js:25889:20)
    at performConcurrentWorkOnRoot (/workspace/node_modules/react-dom/cjs/react-dom.development.js:25789:22)
    at flushActQueue (/workspace/node_modules/react/cjs/react.development.js:2667:24)
    at act (/workspace/node_modules/react/cjs/react.development.js:2582:11)
    at /workspace/node_modules/@testing-library/react/dist/act-compat.js:47:25
    at renderRoot (/workspace/node_modules/@testing-library/react/dist/pure.js:180:26)
    at render (/workspace/node_modules/@testing-library/react/dist/pure.js:271:10)
    at renderLoginComponent (/workspace/kelmah-frontend/src/tests/components/auth/Login.test.jsx:68:18)
    at renderLoginComponent (/workspace/kelmah-frontend/src/tests/components/auth/Login.test.jsx:165:5)
    at call (/workspace/kelmah-frontend/src/tests/components/auth/Login.test.jsx:2:1)
    at Generator.s (/workspace/kelmah-frontend/src/tests/components/auth/Login.test.jsx:2:1)
    at Generator._invoke [as next] (/workspace/kelmah-frontend/src/tests/components/auth/Login.test.jsx:2:1)
    at asyncGeneratorStep (/workspace/kelmah-frontend/src/tests/components/auth/Login.test.jsx:2:1)
    at asyncGeneratorStep (/workspace/kelmah-frontend/src/tests/components/auth/Login.test.jsx:2:1)
    at _next (/workspace/kelmah-frontend/src/tests/components/auth/Login.test.jsx:2:1)
    at new Promise (&lt;anonymous&gt;)
    at Object.&lt;anonymous&gt; (/workspace/kelmah-frontend/src/tests/components/auth/Login.test.jsx:2:1)
    at Promise.then.completed (/workspace/node_modules/jest-circus/build/utils.js:298:28)
    at new Promise (&lt;anonymous&gt;)
    at callAsyncCircusFn (/workspace/node_modules/jest-circus/build/utils.js:231:10)
    at _callCircusTest (/workspace/node_modules/jest-circus/build/run.js:316:40)
    at processTicksAndRejections (node:internal/process/task_queues:105:5)
    at _runTest (/workspace/node_modules/jest-circus/build/run.js:252:3)
    at _runTestsForDescribeBlock (/workspace/node_modules/jest-circus/build/run.js:126:9)
    at _runTestsForDescribeBlock (/workspace/node_modules/jest-circus/build/run.js:121:9)
    at run (/workspace/node_modules/jest-circus/build/run.js:71:3)
    at runAndTransformResultsToJestFormat (/workspace/node_modules/jest-circus/build/legacy-code-todo-rewrite/jestAdapterInit.js:122:21)
    at jestAdapter (/workspace/node_modules/jest-circus/build/legacy-code-todo-rewrite/jestAdapter.js:79:19)
    at runTestInternal (/workspace/node_modules/jest-runner/build/runTest.js:367:16)
    at runTest (/workspace/node_modules/jest-runner/build/runTest.js:444:34)</failure>
    </testcase>
    <testcase classname="Login Component displays OAuth login options" name="Login Component displays OAuth login options" time="0.024">
      <failure>TypeError: Cannot read properties of null (reading &apos;useRef&apos;)
    at Object.useRef (/workspace/kelmah-frontend/node_modules/react/cjs/react.development.js:1630:21)
    at useRef (/workspace/kelmah-frontend/node_modules/react-router-dom/index.tsx:788:26)
    at renderWithHooks (/workspace/node_modules/react-dom/cjs/react-dom.development.js:15486:18)
    at mountIndeterminateComponent (/workspace/node_modules/react-dom/cjs/react-dom.development.js:20103:13)
    at beginWork (/workspace/node_modules/react-dom/cjs/react-dom.development.js:21626:16)
    at beginWork$1 (/workspace/node_modules/react-dom/cjs/react-dom.development.js:27465:14)
    at performUnitOfWork (/workspace/node_modules/react-dom/cjs/react-dom.development.js:26599:12)
    at workLoopSync (/workspace/node_modules/react-dom/cjs/react-dom.development.js:26505:5)
    at renderRootSync (/workspace/node_modules/react-dom/cjs/react-dom.development.js:26473:7)
    at recoverFromConcurrentError (/workspace/node_modules/react-dom/cjs/react-dom.development.js:25889:20)
    at performConcurrentWorkOnRoot (/workspace/node_modules/react-dom/cjs/react-dom.development.js:25789:22)
    at flushActQueue (/workspace/node_modules/react/cjs/react.development.js:2667:24)
    at act (/workspace/node_modules/react/cjs/react.development.js:2582:11)
    at /workspace/node_modules/@testing-library/react/dist/act-compat.js:47:25
    at renderRoot (/workspace/node_modules/@testing-library/react/dist/pure.js:180:26)
    at render (/workspace/node_modules/@testing-library/react/dist/pure.js:271:10)
    at renderLoginComponent (/workspace/kelmah-frontend/src/tests/components/auth/Login.test.jsx:68:18)
    at renderLoginComponent (/workspace/kelmah-frontend/src/tests/components/auth/Login.test.jsx:184:5)
    at call (/workspace/kelmah-frontend/src/tests/components/auth/Login.test.jsx:2:1)
    at Generator.s (/workspace/kelmah-frontend/src/tests/components/auth/Login.test.jsx:2:1)
    at Generator._invoke [as next] (/workspace/kelmah-frontend/src/tests/components/auth/Login.test.jsx:2:1)
    at asyncGeneratorStep (/workspace/kelmah-frontend/src/tests/components/auth/Login.test.jsx:2:1)
    at asyncGeneratorStep (/workspace/kelmah-frontend/src/tests/components/auth/Login.test.jsx:2:1)
    at _next (/workspace/kelmah-frontend/src/tests/components/auth/Login.test.jsx:2:1)
    at new Promise (&lt;anonymous&gt;)
    at Object.&lt;anonymous&gt; (/workspace/kelmah-frontend/src/tests/components/auth/Login.test.jsx:2:1)
    at Promise.then.completed (/workspace/node_modules/jest-circus/build/utils.js:298:28)
    at new Promise (&lt;anonymous&gt;)
    at callAsyncCircusFn (/workspace/node_modules/jest-circus/build/utils.js:231:10)
    at _callCircusTest (/workspace/node_modules/jest-circus/build/run.js:316:40)
    at processTicksAndRejections (node:internal/process/task_queues:105:5)
    at _runTest (/workspace/node_modules/jest-circus/build/run.js:252:3)
    at _runTestsForDescribeBlock (/workspace/node_modules/jest-circus/build/run.js:126:9)
    at _runTestsForDescribeBlock (/workspace/node_modules/jest-circus/build/run.js:121:9)
    at run (/workspace/node_modules/jest-circus/build/run.js:71:3)
    at runAndTransformResultsToJestFormat (/workspace/node_modules/jest-circus/build/legacy-code-todo-rewrite/jestAdapterInit.js:122:21)
    at jestAdapter (/workspace/node_modules/jest-circus/build/legacy-code-todo-rewrite/jestAdapter.js:79:19)
    at runTestInternal (/workspace/node_modules/jest-runner/build/runTest.js:367:16)
    at runTest (/workspace/node_modules/jest-runner/build/runTest.js:444:34)</failure>
    </testcase>
    <testcase classname="Login Component handles MFA requirement" name="Login Component handles MFA requirement" time="0.027">
      <failure>TypeError: Cannot read properties of null (reading &apos;useRef&apos;)
    at Object.useRef (/workspace/kelmah-frontend/node_modules/react/cjs/react.development.js:1630:21)
    at useRef (/workspace/kelmah-frontend/node_modules/react-router-dom/index.tsx:788:26)
    at renderWithHooks (/workspace/node_modules/react-dom/cjs/react-dom.development.js:15486:18)
    at mountIndeterminateComponent (/workspace/node_modules/react-dom/cjs/react-dom.development.js:20103:13)
    at beginWork (/workspace/node_modules/react-dom/cjs/react-dom.development.js:21626:16)
    at beginWork$1 (/workspace/node_modules/react-dom/cjs/react-dom.development.js:27465:14)
    at performUnitOfWork (/workspace/node_modules/react-dom/cjs/react-dom.development.js:26599:12)
    at workLoopSync (/workspace/node_modules/react-dom/cjs/react-dom.development.js:26505:5)
    at renderRootSync (/workspace/node_modules/react-dom/cjs/react-dom.development.js:26473:7)
    at recoverFromConcurrentError (/workspace/node_modules/react-dom/cjs/react-dom.development.js:25889:20)
    at performConcurrentWorkOnRoot (/workspace/node_modules/react-dom/cjs/react-dom.development.js:25789:22)
    at flushActQueue (/workspace/node_modules/react/cjs/react.development.js:2667:24)
    at act (/workspace/node_modules/react/cjs/react.development.js:2582:11)
    at /workspace/node_modules/@testing-library/react/dist/act-compat.js:47:25
    at renderRoot (/workspace/node_modules/@testing-library/react/dist/pure.js:180:26)
    at render (/workspace/node_modules/@testing-library/react/dist/pure.js:271:10)
    at renderLoginComponent (/workspace/kelmah-frontend/src/tests/components/auth/Login.test.jsx:68:18)
    at renderLoginComponent (/workspace/kelmah-frontend/src/tests/components/auth/Login.test.jsx:198:5)
    at call (/workspace/kelmah-frontend/src/tests/components/auth/Login.test.jsx:2:1)
    at Generator.s (/workspace/kelmah-frontend/src/tests/components/auth/Login.test.jsx:2:1)
    at Generator._invoke [as next] (/workspace/kelmah-frontend/src/tests/components/auth/Login.test.jsx:2:1)
    at asyncGeneratorStep (/workspace/kelmah-frontend/src/tests/components/auth/Login.test.jsx:2:1)
    at asyncGeneratorStep (/workspace/kelmah-frontend/src/tests/components/auth/Login.test.jsx:2:1)
    at _next (/workspace/kelmah-frontend/src/tests/components/auth/Login.test.jsx:2:1)
    at new Promise (&lt;anonymous&gt;)
    at Object.&lt;anonymous&gt; (/workspace/kelmah-frontend/src/tests/components/auth/Login.test.jsx:2:1)
    at Promise.then.completed (/workspace/node_modules/jest-circus/build/utils.js:298:28)
    at new Promise (&lt;anonymous&gt;)
    at callAsyncCircusFn (/workspace/node_modules/jest-circus/build/utils.js:231:10)
    at _callCircusTest (/workspace/node_modules/jest-circus/build/run.js:316:40)
    at processTicksAndRejections (node:internal/process/task_queues:105:5)
    at _runTest (/workspace/node_modules/jest-circus/build/run.js:252:3)
    at _runTestsForDescribeBlock (/workspace/node_modules/jest-circus/build/run.js:126:9)
    at _runTestsForDescribeBlock (/workspace/node_modules/jest-circus/build/run.js:121:9)
    at run (/workspace/node_modules/jest-circus/build/run.js:71:3)
    at runAndTransformResultsToJestFormat (/workspace/node_modules/jest-circus/build/legacy-code-todo-rewrite/jestAdapterInit.js:122:21)
    at jestAdapter (/workspace/node_modules/jest-circus/build/legacy-code-todo-rewrite/jestAdapter.js:79:19)
    at runTestInternal (/workspace/node_modules/jest-runner/build/runTest.js:367:16)
    at runTest (/workspace/node_modules/jest-runner/build/runTest.js:444:34)</failure>
    </testcase>
  </testsuite>
</testsuites>