{"total": {"lines":{"total":290,"covered":66,"skipped":0,"pct":22.75},"statements":{"total":296,"covered":66,"skipped":0,"pct":22.29},"functions":{"total":46,"covered":5,"skipped":0,"pct":10.86},"branches":{"total":95,"covered":16,"skipped":0,"pct":16.84},"branchesTrue":{"total":0,"covered":0,"skipped":0,"pct":100}}
,"/workspace/kelmah-frontend/src/config/constants.js": {"lines":{"total":18,"covered":18,"skipped":0,"pct":100},"functions":{"total":0,"covered":0,"skipped":0,"pct":100},"statements":{"total":18,"covered":18,"skipped":0,"pct":100},"branches":{"total":4,"covered":3,"skipped":0,"pct":75}}
,"/workspace/kelmah-frontend/src/modules/auth/components/login/Login.jsx": {"lines":{"total":40,"covered":28,"skipped":0,"pct":70},"functions":{"total":6,"covered":4,"skipped":0,"pct":66.66},"statements":{"total":40,"covered":28,"skipped":0,"pct":70},"branches":{"total":18,"covered":9,"skipped":0,"pct":50}}
,"/workspace/kelmah-frontend/src/modules/auth/services/authService.js": {"lines":{"total":77,"covered":4,"skipped":0,"pct":5.19},"functions":{"total":10,"covered":0,"skipped":0,"pct":0},"statements":{"total":78,"covered":4,"skipped":0,"pct":5.12},"branches":{"total":33,"covered":0,"skipped":0,"pct":0}}
,"/workspace/kelmah-frontend/src/modules/auth/services/authSlice.js": {"lines":{"total":140,"covered":13,"skipped":0,"pct":9.28},"functions":{"total":26,"covered":1,"skipped":0,"pct":3.84},"statements":{"total":145,"covered":13,"skipped":0,"pct":8.96},"branches":{"total":32,"covered":4,"skipped":0,"pct":12.5}}
,"/workspace/kelmah-frontend/src/modules/common/services/axios.js": {"lines":{"total":15,"covered":3,"skipped":0,"pct":20},"functions":{"total":4,"covered":0,"skipped":0,"pct":0},"statements":{"total":15,"covered":3,"skipped":0,"pct":20},"branches":{"total":8,"covered":0,"skipped":0,"pct":0}}
}
