TN:
SF:kelmah-frontend/src/config/constants.js
FNF:0
FNH:0
DA:2,1
DA:3,1
DA:6,1
DA:13,1
DA:14,1
DA:15,1
DA:16,1
DA:19,1
DA:20,1
DA:21,1
DA:22,1
DA:23,1
DA:30,1
DA:31,1
DA:32,1
DA:35,1
DA:46,1
DA:55,1
LF:18
LH:18
BRDA:2,0,0,1
BRDA:2,0,1,0
BRDA:9,1,0,1
BRDA:9,1,1,1
BRF:4
BRH:3
end_of_record
TN:
SF:kelmah-frontend/src/modules/auth/components/login/Login.jsx
FN:31,(anonymous_0)
FN:44,(anonymous_1)
FN:47,(anonymous_2)
FN:52,(anonymous_3)
FN:57,(anonymous_4)
FN:60,(anonymous_5)
FN:167,(anonymous_6)
FN:193,(anonymous_7)
FN:199,(anonymous_8)
FN:224,(anonymous_9)
FNF:10
FNH:9
FNDA:18,(anonymous_0)
FNDA:6,(anonymous_1)
FNDA:5,(anonymous_2)
FNDA:1,(anonymous_3)
FNDA:6,(anonymous_4)
FNDA:2,(anonymous_5)
FNDA:2,(anonymous_6)
FNDA:2,(anonymous_7)
FNDA:2,(anonymous_8)
FNDA:0,(anonymous_9)
DA:31,1
DA:32,18
DA:33,17
DA:34,17
DA:35,17
DA:36,17
DA:37,17
DA:38,17
DA:39,17
DA:41,17
DA:42,17
DA:44,17
DA:45,6
DA:46,6
DA:48,5
DA:49,0
DA:53,1
DA:54,1
DA:57,6
DA:60,17
DA:61,2
DA:62,2
DA:63,2
DA:64,2
DA:67,2
DA:68,2
DA:70,2
DA:71,0
DA:72,0
DA:73,2
DA:74,0
DA:75,0
DA:78,2
DA:79,0
DA:80,0
DA:83,2
DA:84,0
DA:85,0
DA:89,2
DA:91,2
DA:92,2
DA:93,2
DA:94,1
DA:96,1
DA:99,0
DA:100,0
DA:105,2
DA:109,17
DA:110,1
DA:123,16
DA:167,2
DA:193,2
DA:199,2
DA:224,0
LF:54
LH:42
BRDA:48,0,0,0
BRDA:48,0,1,5
BRDA:48,1,0,5
BRDA:48,1,1,0
BRDA:53,2,0,1
BRDA:53,2,1,0
BRDA:70,3,0,0
BRDA:70,3,1,2
BRDA:73,4,0,0
BRDA:73,4,1,2
BRDA:78,5,0,0
BRDA:78,5,1,2
BRDA:83,6,0,0
BRDA:83,6,1,2
BRDA:93,7,0,1
BRDA:93,7,1,1
BRDA:101,8,0,0
BRDA:101,8,1,0
BRDA:109,9,0,1
BRDA:109,9,1,16
BRDA:143,10,0,16
BRDA:143,10,1,1
BRDA:149,11,0,16
BRDA:149,11,1,0
BRDA:154,12,0,16
BRDA:154,12,1,0
BRDA:191,13,0,1
BRDA:191,13,1,15
BRDA:200,14,0,1
BRDA:200,14,1,15
BRDA:271,15,0,2
BRDA:271,15,1,14
BRF:32
BRH:21
end_of_record
TN:
SF:kelmah-frontend/src/modules/auth/services/authService.js
FN:41,(anonymous_0)
FN:88,(anonymous_1)
FN:128,(anonymous_2)
FN:143,(anonymous_3)
FN:158,(anonymous_4)
FN:173,(anonymous_5)
FN:184,(anonymous_6)
FN:194,(anonymous_7)
FN:199,(anonymous_8)
FN:214,(anonymous_9)
FNF:10
FNH:0
FNDA:0,(anonymous_0)
FNDA:0,(anonymous_1)
FNDA:0,(anonymous_2)
FNDA:0,(anonymous_3)
FNDA:0,(anonymous_4)
FNDA:0,(anonymous_5)
FNDA:0,(anonymous_6)
FNDA:0,(anonymous_7)
FNDA:0,(anonymous_8)
FNDA:0,(anonymous_9)
DA:4,1
DA:16,1
DA:37,1
DA:39,1
DA:43,0
DA:44,0
DA:45,0
DA:51,0
DA:53,0
DA:56,0
DA:63,0
DA:72,0
DA:74,0
DA:76,0
DA:77,0
DA:78,0
DA:81,0
DA:83,0
DA:89,0
DA:90,0
DA:91,0
DA:98,0
DA:100,0
DA:107,0
DA:114,0
DA:116,0
DA:117,0
DA:118,0
DA:121,0
DA:123,0
DA:129,0
DA:130,0
DA:131,0
DA:134,0
DA:135,0
DA:136,0
DA:138,0
DA:144,0
DA:145,0
DA:146,0
DA:149,0
DA:150,0
DA:151,0
DA:153,0
DA:159,0
DA:160,0
DA:161,0
DA:164,0
DA:165,0
DA:166,0
DA:168,0
DA:174,0
DA:175,0
DA:176,0
DA:179,0
DA:180,0
DA:185,0
DA:186,0
DA:187,0
DA:190,0
DA:191,0
DA:195,0
DA:196,0
DA:197,0
DA:198,0
DA:199,0
DA:201,0
DA:204,0
DA:205,0
DA:206,0
DA:208,0
DA:209,0
DA:215,0
DA:216,0
DA:217,0
DA:223,0
DA:224,0
LF:77
LH:4
BRDA:43,0,0,0
BRDA:43,0,1,0
BRDA:53,1,0,0
BRDA:53,1,1,0
BRDA:76,2,0,0
BRDA:76,2,1,0
BRDA:76,3,0,0
BRDA:76,3,1,0
BRDA:89,4,0,0
BRDA:89,4,1,0
BRDA:116,5,0,0
BRDA:116,5,1,0
BRDA:116,6,0,0
BRDA:116,6,1,0
BRDA:129,7,0,0
BRDA:129,7,1,0
BRDA:144,8,0,0
BRDA:144,8,1,0
BRDA:159,9,0,0
BRDA:159,9,1,0
BRDA:174,10,0,0
BRDA:174,10,1,0
BRDA:185,11,0,0
BRDA:185,11,1,0
BRDA:194,12,0,0
BRDA:195,13,0,0
BRDA:195,13,1,0
BRDA:198,14,0,0
BRDA:198,14,1,0
BRDA:201,15,0,0
BRDA:201,15,1,0
BRDA:215,16,0,0
BRDA:215,16,1,0
BRF:33
BRH:0
end_of_record
TN:
SF:kelmah-frontend/src/modules/auth/services/authSlice.js
FN:8,(anonymous_0)
FN:29,(anonymous_1)
FN:68,(anonymous_2)
FN:147,(anonymous_3)
FN:174,(anonymous_4)
FN:182,(anonymous_5)
FN:185,(anonymous_6)
FN:188,(anonymous_7)
FN:201,(anonymous_8)
FN:204,(anonymous_9)
FN:208,(anonymous_10)
FN:215,(anonymous_11)
FN:223,(anonymous_12)
FN:227,(anonymous_13)
FN:234,(anonymous_14)
FN:242,(anonymous_15)
FN:246,(anonymous_16)
FN:252,(anonymous_17)
FN:260,(anonymous_18)
FN:263,(anonymous_19)
FN:270,(anonymous_20)
FN:281,(anonymous_21)
FN:282,(anonymous_22)
FN:283,(anonymous_23)
FN:284,(anonymous_24)
FN:285,(anonymous_25)
FNF:26
FNH:1
FNDA:0,(anonymous_0)
FNDA:0,(anonymous_1)
FNDA:0,(anonymous_2)
FNDA:0,(anonymous_3)
FNDA:0,(anonymous_4)
FNDA:0,(anonymous_5)
FNDA:0,(anonymous_6)
FNDA:0,(anonymous_7)
FNDA:1,(anonymous_8)
FNDA:0,(anonymous_9)
FNDA:0,(anonymous_10)
FNDA:0,(anonymous_11)
FNDA:0,(anonymous_12)
FNDA:0,(anonymous_13)
FNDA:0,(anonymous_14)
FNDA:0,(anonymous_15)
FNDA:0,(anonymous_16)
FNDA:0,(anonymous_17)
FNDA:0,(anonymous_18)
FNDA:0,(anonymous_19)
FNDA:0,(anonymous_20)
FNDA:0,(anonymous_21)
FNDA:0,(anonymous_22)
FNDA:0,(anonymous_23)
FNDA:0,(anonymous_24)
FNDA:0,(anonymous_25)
DA:6,1
DA:9,0
DA:10,0
DA:13,0
DA:14,0
DA:15,0
DA:18,0
DA:20,0
DA:21,0
DA:27,1
DA:30,0
DA:31,0
DA:32,0
DA:34,0
DA:37,0
DA:38,0
DA:41,0
DA:44,0
DA:45,0
DA:48,0
DA:54,0
DA:55,0
DA:58,0
DA:59,0
DA:60,0
DA:66,1
DA:69,0
DA:70,0
DA:73,0
DA:74,0
DA:75,0
DA:78,0
DA:79,0
DA:80,0
DA:87,0
DA:88,0
DA:89,0
DA:90,0
DA:92,0
DA:99,0
DA:100,0
DA:101,0
DA:102,0
DA:106,0
DA:107,0
DA:109,0
DA:110,0
DA:111,0
DA:113,0
DA:115,0
DA:117,0
DA:123,0
DA:125,0
DA:126,0
DA:127,0
DA:134,0
DA:136,0
DA:137,0
DA:138,0
DA:139,0
DA:145,1
DA:148,0
DA:149,0
DA:150,0
DA:151,0
DA:152,0
DA:155,0
DA:156,0
DA:157,0
DA:162,1
DA:170,1
DA:175,0
DA:176,0
DA:177,0
DA:178,0
DA:179,0
DA:180,0
DA:183,0
DA:186,0
DA:189,0
DA:190,0
DA:191,0
DA:192,0
DA:193,0
DA:194,0
DA:197,0
DA:198,0
DA:202,1
DA:205,0
DA:206,0
DA:209,0
DA:210,0
DA:211,0
DA:212,0
DA:213,0
DA:216,0
DA:217,0
DA:218,0
DA:219,0
DA:220,0
DA:224,0
DA:225,0
DA:228,0
DA:229,0
DA:230,0
DA:231,0
DA:232,0
DA:235,0
DA:236,0
DA:237,0
DA:238,0
DA:239,0
DA:243,0
DA:244,0
DA:247,0
DA:248,0
DA:249,0
DA:250,0
DA:253,0
DA:254,0
DA:255,0
DA:256,0
DA:257,0
DA:261,0
DA:264,0
DA:265,0
DA:266,0
DA:267,0
DA:268,0
DA:271,0
DA:272,0
DA:273,0
DA:274,0
DA:275,0
DA:281,1
DA:282,1
DA:283,1
DA:284,1
DA:285,1
DA:288,1
LF:140
LH:13
BRDA:13,0,0,0
BRDA:13,0,1,0
BRDA:20,1,0,0
BRDA:20,1,1,0
BRDA:20,1,2,0
BRDA:37,2,0,0
BRDA:37,2,1,0
BRDA:38,3,0,0
BRDA:38,3,1,0
BRDA:59,4,0,0
BRDA:59,4,1,0
BRDA:59,4,2,0
BRDA:73,5,0,0
BRDA:73,5,1,0
BRDA:78,6,0,0
BRDA:78,6,1,0
BRDA:100,7,0,0
BRDA:100,7,1,0
BRDA:107,8,0,0
BRDA:107,8,1,0
BRDA:113,9,0,0
BRDA:113,9,1,0
BRDA:125,10,0,0
BRDA:125,10,1,0
BRDA:139,11,0,0
BRDA:139,11,1,0
BRDA:157,12,0,0
BRDA:157,12,1,0
BRDA:163,13,0,1
BRDA:163,13,1,1
BRDA:164,14,0,1
BRDA:164,14,1,1
BRF:32
BRH:4
end_of_record
TN:
SF:kelmah-frontend/src/modules/common/services/axios.js
FN:15,(anonymous_0)
FN:26,(anonymous_1)
FN:33,(anonymous_2)
FN:36,(anonymous_3)
FNF:4
FNH:0
FNDA:0,(anonymous_0)
FNDA:0,(anonymous_1)
FNDA:0,(anonymous_2)
FNDA:0,(anonymous_3)
DA:5,1
DA:14,1
DA:17,0
DA:20,0
DA:21,0
DA:24,0
DA:27,0
DA:32,1
DA:34,0
DA:38,0
DA:39,0
DA:48,0
DA:51,0
DA:55,0
DA:58,0
LF:15
LH:3
BRDA:20,0,0,0
BRDA:20,0,1,0
BRDA:38,1,0,0
BRDA:38,1,1,0
BRDA:51,2,0,0
BRDA:51,2,1,0
BRDA:51,3,0,0
BRDA:51,3,1,0
BRF:8
BRH:0
end_of_record
